Info: *******************************************************************
Info: Running Quartus Prime Shell
    Info: Version 19.1.0 Build 670 09/22/2019 SJ Lite Edition
    Info: Copyright (C) 2019  Intel Corporation. All rights reserved.
    Info: Your use of Intel Corporation's design tools, logic functions 
    Info: and other software and tools, and any partner logic 
    Info: functions, and any output files from any of the foregoing 
    Info: (including device programming or simulation files), and any 
    Info: associated documentation or information are expressly subject 
    Info: to the terms and conditions of the Intel Program License 
    Info: Subscription Agreement, the Intel Quartus Prime License Agreement,
    Info: the Intel FPGA IP License Agreement, or other applicable license
    Info: agreement, including, without limitation, that your use is for
    Info: the sole purpose of programming logic devices manufactured by
    Info: Intel and sold by Intel or its authorized distributors.  Please
    Info: refer to the applicable agreement for further details, at
    Info: https://fpgasoftware.intel.com/eula.
    Info: Processing started: Sat Aug 14 13:55:52 2021
Info: Command: quartus_sh -t /home/rampa/devel/fpga/DECA/Oric_Mist_48K/../DeMiSTify/Scripts/mkproject.tcl -project ORIC -board deca -rootpath /home/rampa/devel/fpga/DECA/Oric_Mist_48K
Info: Quartus(args): -project ORIC -board deca -rootpath /home/rampa/devel/fpga/DECA/Oric_Mist_48K
Info (125061): Changed top-level design entity name to "deca_top"
Error (23031): Evaluation of Tcl script /home/rampa/devel/fpga/DECA/Oric_Mist_48K/../DeMiSTify/Scripts/mkproject.tcl unsuccessful
Error: Quartus Prime Shell was unsuccessful. 1 error, 0 warnings
    Error: Peak virtual memory: 784 megabytes
    Error: Processing ended: Sat Aug 14 13:55:52 2021
    Error: Elapsed time: 00:00:00
    Error: Total CPU time (on all processors): 00:00:00
